<?xml version="1.0" encoding="UTF-8"?>
<testsuite xmlns:xsi="http://www.w3.org/2001/XMLSchema-instance" xsi:noNamespaceSchemaLocation="https://maven.apache.org/surefire/maven-surefire-plugin/xsd/surefire-test-report.xsd" name="com.mrl.superherosighting.dao.SuperpowerDaoDBTest" time="2.154" tests="4" errors="0" skipped="0" failures="0">
  <properties>
[...]
</properties>
  <testcase name="testAddAndGetSuperpower" classname="com.mrl.superherosighting.dao.SuperpowerDaoDBTest" time="0"/>
  <testcase name="testGetAllSuperpowers" classname="com.mrl.superherosighting.dao.SuperpowerDaoDBTest" time="0.406"/>
  <testcase name="testDeleteSuperpower" classname="com.mrl.superherosighting.dao.SuperpowerDaoDBTest" time="0.609"/>
  <testcase name="testUpdateSuperpower" classname="com.mrl.superherosighting.dao.SuperpowerDaoDBTest" time="0.639"/>
</testsuite>